  myEncoder.cc
e:\workspace\myencoder\myencoder\3rdparty\codec\include\msdk_codec.h(23): warning C4251: “CEncodeThread::m_impl”: class“std::thread”需要有 dll 接口由 class“CEncodeThread”的客户端使用
  d:\program files (x86)\microsoft visual studio 14.0\vc\include\thread(32): note: 参见“std::thread”的声明
e:\workspace\myencoder\myencoder\3rdparty\codec\include\msdk_codec.h(24): warning C4251: “CEncodeThread::m_source_callback”: class“std::function<int32_t (unsigned char *,int32_t)>”需要有 dll 接口由 class“CEncodeThread”的客户端使用
e:\workspace\myencoder\myencoder\3rdparty\codec\include\msdk_codec.h(25): warning C4251: “CEncodeThread::m_sink_callback”: class“std::function<int32_t (unsigned char *,int32_t)>”需要有 dll 接口由 class“CEncodeThread”的客户端使用
e:\workspace\myencoder\myencoder\3rdparty\codec\include\msdk_codec.h(44): warning C4251: “CDecodeThread::m_impl”: class“std::thread”需要有 dll 接口由 class“CDecodeThread”的客户端使用
  d:\program files (x86)\microsoft visual studio 14.0\vc\include\thread(32): note: 参见“std::thread”的声明
e:\workspace\myencoder\myencoder\3rdparty\codec\include\msdk_codec.h(45): warning C4251: “CDecodeThread::m_source_callback”: class“std::function<int32_t (unsigned char *,int32_t)>”需要有 dll 接口由 class“CDecodeThread”的客户端使用
e:\workspace\myencoder\myencoder\3rdparty\codec\include\msdk_codec.h(46): warning C4251: “CDecodeThread::m_sink_callback”: class“std::function<int32_t (unsigned char *,int32_t)>”需要有 dll 接口由 class“CDecodeThread”的客户端使用
e:\workspace\myencoder\myencoder\myencoder.cc(176): warning C4477: “printf”: 格式字符串“%d”需要类型“int”的参数，但可变参数 1 拥有了类型“const int64_t”
  e:\workspace\myencoder\myencoder\myencoder.cc(176): note: 请考虑在格式字符串中使用“%lld”
  e:\workspace\myencoder\myencoder\myencoder.cc(176): note: 请考虑在格式字符串中使用“%I64d”
e:\workspace\myencoder\myencoder\myencoder.cc(194): warning C4996: 'fopen': This function or variable may be unsafe. Consider using fopen_s instead. To disable deprecation, use _CRT_SECURE_NO_WARNINGS. See online help for details.
  c:\program files (x86)\windows kits\10\include\10.0.10240.0\ucrt\stdio.h(205): note: 参见“fopen”的声明
e:\workspace\myencoder\myencoder\myencoder.cc(212): warning C4996: 'strcpy': This function or variable may be unsafe. Consider using strcpy_s instead. To disable deprecation, use _CRT_SECURE_NO_WARNINGS. See online help for details.
  c:\program files (x86)\windows kits\10\include\10.0.10240.0\ucrt\string.h(119): note: 参见“strcpy”的声明
e:\workspace\myencoder\myencoder\myencoder.cc(223): warning C4996: 'strcpy': This function or variable may be unsafe. Consider using strcpy_s instead. To disable deprecation, use _CRT_SECURE_NO_WARNINGS. See online help for details.
  c:\program files (x86)\windows kits\10\include\10.0.10240.0\ucrt\string.h(119): note: 参见“strcpy”的声明
e:\workspace\myencoder\myencoder\myencoder.cc(272): warning C4018: “<”: 有符号/无符号不匹配
e:\workspace\myencoder\myencoder\myencoder.cc(253): warning C4996: 'strcpy': This function or variable may be unsafe. Consider using strcpy_s instead. To disable deprecation, use _CRT_SECURE_NO_WARNINGS. See online help for details.
  c:\program files (x86)\windows kits\10\include\10.0.10240.0\ucrt\string.h(119): note: 参见“strcpy”的声明
e:\workspace\myencoder\myencoder\myencoder.cc(329): warning C4477: “sprintf”: 格式字符串“%d”需要类型“int”的参数，但可变参数 1 拥有了类型“int64_t”
  e:\workspace\myencoder\myencoder\myencoder.cc(329): note: 请考虑在格式字符串中使用“%lld”
  e:\workspace\myencoder\myencoder\myencoder.cc(329): note: 请考虑在格式字符串中使用“%I64d”
e:\workspace\myencoder\myencoder\myencoder.cc(329): warning C4996: 'sprintf': This function or variable may be unsafe. Consider using sprintf_s instead. To disable deprecation, use _CRT_SECURE_NO_WARNINGS. See online help for details.
  c:\program files (x86)\windows kits\10\include\10.0.10240.0\ucrt\stdio.h(1769): note: 参见“sprintf”的声明
  myEncoder.vcxproj -> E:\workspace\myencoder\myEncoder\..\output\myEncoder.exe
