  Rtmp264.cc
E:\workspace\myencoder\myEncoder\include\librtmp\rtmp_sys.h(40): warning C4005: “EWOULDBLOCK”: 宏重定义
  C:\Program Files (x86)\Windows Kits\10\Include\10.0.10240.0\ucrt\errno.h(124): note: 参见“EWOULDBLOCK”的前一个定义
Rtmp264.cc(215): warning C4244: “参数”: 从“uint64_t”转换到“uint32_t”，可能丢失数据
Rtmp264.cc(221): warning C4267: “初始化”: 从“size_t”转换到“uint16_t”，可能丢失数据
Rtmp264.cc(360): warning C4018: “<”: 有符号/无符号不匹配
Rtmp264.cc(367): warning C4018: “<”: 有符号/无符号不匹配
Rtmp264.cc(547): warning C4244: “初始化”: 从“double”转换到“int”，可能丢失数据
  myEncoder.cc
E:\workspace\myencoder\myEncoder\include\librtmp\rtmp_sys.h(40): warning C4005: “EWOULDBLOCK”: 宏重定义
  C:\Program Files (x86)\Windows Kits\10\Include\10.0.10240.0\ucrt\errno.h(124): note: 参见“EWOULDBLOCK”的前一个定义
e:\workspace\myencoder\myencoder\msdk_codec.h(23): warning C4251: “CEncodeThread::m_impl”: class“std::thread”需要有 dll 接口由 class“CEncodeThread”的客户端使用
  D:\Program Files (x86)\Microsoft Visual Studio 14.0\VC\include\thread(32): note: 参见“std::thread”的声明
e:\workspace\myencoder\myencoder\msdk_codec.h(24): warning C4251: “CEncodeThread::m_source_callback”: class“std::function<int32_t (unsigned char *,int32_t)>”需要有 dll 接口由 class“CEncodeThread”的客户端使用
e:\workspace\myencoder\myencoder\msdk_codec.h(25): warning C4251: “CEncodeThread::m_sink_callback”: class“std::function<int32_t (unsigned char *,int32_t)>”需要有 dll 接口由 class“CEncodeThread”的客户端使用
e:\workspace\myencoder\myencoder\msdk_codec.h(44): warning C4251: “CDecodeThread::m_impl”: class“std::thread”需要有 dll 接口由 class“CDecodeThread”的客户端使用
  D:\Program Files (x86)\Microsoft Visual Studio 14.0\VC\include\thread(32): note: 参见“std::thread”的声明
e:\workspace\myencoder\myencoder\msdk_codec.h(45): warning C4251: “CDecodeThread::m_source_callback”: class“std::function<int32_t (unsigned char *,int32_t)>”需要有 dll 接口由 class“CDecodeThread”的客户端使用
e:\workspace\myencoder\myencoder\msdk_codec.h(46): warning C4251: “CDecodeThread::m_sink_callback”: class“std::function<int32_t (unsigned char *,int32_t)>”需要有 dll 接口由 class“CDecodeThread”的客户端使用
myEncoder.cc(151): warning C4996: 'sprintf': This function or variable may be unsafe. Consider using sprintf_s instead. To disable deprecation, use _CRT_SECURE_NO_WARNINGS. See online help for details.
  C:\Program Files (x86)\Windows Kits\10\Include\10.0.10240.0\ucrt\stdio.h(1769): note: 参见“sprintf”的声明
myEncoder.cc(152): warning C4996: 'fopen': This function or variable may be unsafe. Consider using fopen_s instead. To disable deprecation, use _CRT_SECURE_NO_WARNINGS. See online help for details.
  C:\Program Files (x86)\Windows Kits\10\Include\10.0.10240.0\ucrt\stdio.h(205): note: 参见“fopen”的声明
myEncoder.cc(195): warning C4800: “int”: 将值强制为布尔值“true”或“false”(性能警告)
myEncoder.cc(203): warning C4996: 'strcpy': This function or variable may be unsafe. Consider using strcpy_s instead. To disable deprecation, use _CRT_SECURE_NO_WARNINGS. See online help for details.
  C:\Program Files (x86)\Windows Kits\10\Include\10.0.10240.0\ucrt\string.h(119): note: 参见“strcpy”的声明
myEncoder.cc(244): warning C4018: “<”: 有符号/无符号不匹配
    正在创建库 ..\output\myEncoder.lib 和对象 ..\output\myEncoder.exp
  正在生成代码
  14 of 701 functions ( 2.0%) were compiled, the rest were copied from previous compilation.
    0 functions were new in current compilation
    6 functions had inline decision re-evaluated but remain unchanged
  已完成代码的生成
  myEncoder.vcxproj -> E:\workspace\myencoder\myEncoder\..\output\myEncoder.exe
